[22:32:13.747285100] ping
[22:32:15.175082300] pig
[22:32:18.051243100] ping
[22:32:19.351700900] time
[22:32:20.386197900] exit
end of session
[22:32:27.284770] ping
[22:32:28.400029400] time
[22:32:29.831065600] ping
[22:32:30.565969200] exit
end of session
[22:32:37.149160] hello
[22:32:38.100061600] exit
end of session
[22:36:45.847947100] file
[22:37:12.029645100] ping
[22:37:13.655193200] ping
[22:37:15.070632100] file
[22:44:00.114676700] exit
end of session
[23:37:36.420288200] ping
[23:37:38.144705200] ping
[23:37:43.000247400] set age 21
SET : age 21[23:37:55.867788800] set name raghu
SET : name raghu[23:37:58.137033500] get name
[23:38:32.666536200] exit
end of session
[23:39:04.841369600] set name raghu
[23:39:08.380537] set age 21
[23:39:42.441498300] exit
end of session
[23:40:00.733428900] set name shreyas
[23:40:08.309393] set age 20
[23:42:57.508506500] exit
end of session
[23:43:25.668537400] set h 2
[23:43:28.313636200] set b 2
[23:56:24.756047800] exit
=== End of session ===
[23:56:50.325876400] set name raghu
[23:56:55.638532500] set age 21
[23:57:03.038787800] set name suresh
[23:57:05.882638] display
[23:58:27.732545900] display
[23:58:49.588153900] display 1
[23:59:30.456157400] exit
=== End of session ===
[00:02:30.547894900] display
[00:02:39.855081300] set name raghu
[00:02:44.100815400] set age 31
[00:02:48.092921500] set h 2
[00:02:53.691106800] display
[00:14:48.713161200] exit
=== End of session ===
[00:15:17.354243700] ping
[00:15:26.638573300] display
[00:17:28.059256300] ping
[00:17:31.681461800] dsplay
[00:17:56.448719] displayy
[00:18:08.599312500] display
[00:20:22.517356700] ping
[00:20:25.866448200] display
[00:21:07.483091900] display
[00:23:25.203336200] display
[00:24:51.210435600] ping
[00:24:52.902838700] ping
[00:24:54.325842700] display
[00:25:20.794202500] display
[00:27:30.766217] ping
[00:27:44.818926900] ping
[00:27:50.576387] ping
[00:27:56.422669] display
[00:30:01.343619300] display
[00:32:47.853361900] display
[00:33:07.433411400] set name suresh
[00:33:13.010319800] display
[00:33:19.368171400] set age 21
[00:33:22.651336600] set h 10
[00:33:26.798822300] set b 10
[00:33:28.159426800] exit
=== End of session ===
[00:33:36.994098500] ping
[00:33:40.904620200] display
